android/app/build/intermediates/manifest_merge_blame_file/debug/processDebugMainManifest/manifest-merger-blame-debug-report.txt
1<?xml version="1.0" encoding="utf-8"?>
2<manifest xmlns:android="http://schemas.android.com/apk/res/android"
3    package="com.HavenSync"
4    android:versionCode="1"
5    android:versionName="1.0" >
6
7    <uses-sdk
8        android:minSdkVersion="24"
9        android:targetSdkVersion="34" />
10
11    <uses-permission android:name="android.permission.INTERNET" />
11-->src\main\AndroidManifest.xml:3:5-67
11-->src\main\AndroidManifest.xml:3:22-64
12    <uses-permission android:name="android.permission.ACCESS_FINE_LOCATION" />
12-->src\main\AndroidManifest.xml:4:5-79
12-->src\main\AndroidManifest.xml:4:22-76
13    <uses-permission android:name="android.permission.ACCESS_COARSE_LOCATION" />
13-->src\main\AndroidManifest.xml:5:5-81
13-->src\main\AndroidManifest.xml:5:22-78
14    <uses-permission
14-->src\main\AndroidManifest.xml:6:5-68
15        android:name="android.permission.BLUETOOTH"
15-->src\main\AndroidManifest.xml:6:22-65
16        android:maxSdkVersion="30" />
16-->[com.polidea.rxandroidble2:rxandroidble:1.17.2] AndroidManifest.xml:12:9-35
17    <uses-permission
17-->src\main\AndroidManifest.xml:7:5-74
18        android:name="android.permission.BLUETOOTH_ADMIN"
18-->src\main\AndroidManifest.xml:7:22-71
19        android:maxSdkVersion="30" />
19-->[com.polidea.rxandroidble2:rxandroidble:1.17.2] AndroidManifest.xml:15:9-35
20    <uses-permission
20-->src\main\AndroidManifest.xml:8:5-73
21        android:name="android.permission.BLUETOOTH_SCAN"
21-->src\main\AndroidManifest.xml:8:22-70
22        android:usesPermissionFlags="neverForLocation" />
22-->[com.polidea.rxandroidble2:rxandroidble:1.17.2] AndroidManifest.xml:24:9-55
23    <uses-permission android:name="android.permission.BLUETOOTH_CONNECT" />
23-->src\main\AndroidManifest.xml:9:5-76
23-->src\main\AndroidManifest.xml:9:22-73
24    <uses-permission android:name="android.permission.ACCESS_WIFI_STATE" />
24-->src\main\AndroidManifest.xml:10:5-76
24-->src\main\AndroidManifest.xml:10:22-73
25    <uses-permission android:name="android.permission.CHANGE_WIFI_STATE" />
25-->src\main\AndroidManifest.xml:11:5-76
25-->src\main\AndroidManifest.xml:11:22-73
26    <uses-permission android:name="android.permission.CAMERA" />
26-->src\main\AndroidManifest.xml:12:5-65
26-->src\main\AndroidManifest.xml:12:22-62
27    <uses-permission android:name="android.permission.VIBRATE" />
27-->src\main\AndroidManifest.xml:13:5-66
27-->src\main\AndroidManifest.xml:13:22-63
28
29    <uses-feature
29-->src\main\AndroidManifest.xml:14:5-84
30        android:name="android.hardware.camera"
30-->src\main\AndroidManifest.xml:14:19-57
31        android:required="true" />
31-->src\main\AndroidManifest.xml:14:58-81
32    <uses-feature android:name="android.hardware.camera.autofocus" />
32-->src\main\AndroidManifest.xml:15:1-66
32-->src\main\AndroidManifest.xml:15:15-63
33
34    <uses-permission android:name="android.permission.CHANGE_NETWORK_STATE" />
34-->[:react-native-wifi-reborn] AndroidManifest.xml:10:5-79
34-->[:react-native-wifi-reborn] AndroidManifest.xml:10:22-76
35    <uses-permission android:name="android.permission.ACCESS_NETWORK_STATE" />
35-->[:react-native-wifi-reborn] AndroidManifest.xml:11:5-79
35-->[:react-native-wifi-reborn] AndroidManifest.xml:11:22-76
36    <!--
37    This manifest file is used only by Gradle to configure debug-only capabilities
38    for React Native Apps.
39    -->
40    <uses-permission android:name="android.permission.SYSTEM_ALERT_WINDOW" />
40-->[com.facebook.react:react-android:0.76.6] AndroidManifest.xml:16:5-78
40-->[com.facebook.react:react-android:0.76.6] AndroidManifest.xml:16:22-75
41
42    <queries>
42-->[androidx.camera:camera-extensions:1.5.0-alpha03] AndroidManifest.xml:22:5-26:15
43        <intent>
43-->[androidx.camera:camera-extensions:1.5.0-alpha03] AndroidManifest.xml:23:9-25:18
44            <action android:name="androidx.camera.extensions.action.VENDOR_ACTION" />
44-->[androidx.camera:camera-extensions:1.5.0-alpha03] AndroidManifest.xml:24:13-86
44-->[androidx.camera:camera-extensions:1.5.0-alpha03] AndroidManifest.xml:24:21-83
45        </intent>
46    </queries>
47
48    <permission
48-->[androidx.core:core:1.13.1] AndroidManifest.xml:22:5-24:47
49        android:name="com.HavenSync.DYNAMIC_RECEIVER_NOT_EXPORTED_PERMISSION"
49-->[androidx.core:core:1.13.1] AndroidManifest.xml:23:9-81
50        android:protectionLevel="signature" />
50-->[androidx.core:core:1.13.1] AndroidManifest.xml:24:9-44
51
52    <uses-permission android:name="com.HavenSync.DYNAMIC_RECEIVER_NOT_EXPORTED_PERMISSION" /> <!-- required for API 23 - 30, no android:maxSdkVersion because of a potential breaking change -->
52-->[androidx.core:core:1.13.1] AndroidManifest.xml:26:5-97
52-->[androidx.core:core:1.13.1] AndroidManifest.xml:26:22-94
53    <!-- TODO: add android:maxSdkVersion on 2.0.0 -->
54    <uses-permission-sdk-23 android:name="android.permission.ACCESS_COARSE_LOCATION" />
54-->[com.polidea.rxandroidble2:rxandroidble:1.17.2] AndroidManifest.xml:18:5-88
54-->[com.polidea.rxandroidble2:rxandroidble:1.17.2] AndroidManifest.xml:18:29-85
55    <uses-permission-sdk-23 android:name="android.permission.ACCESS_FINE_LOCATION" />
55-->[com.polidea.rxandroidble2:rxandroidble:1.17.2] AndroidManifest.xml:19:5-86
55-->[com.polidea.rxandroidble2:rxandroidble:1.17.2] AndroidManifest.xml:19:29-83
56
57    <application
57-->src\main\AndroidManifest.xml:17:5-37:19
58        android:name="com.HavenSync.MainApplication"
58-->src\main\AndroidManifest.xml:18:7-38
59        android:allowBackup="false"
59-->src\main\AndroidManifest.xml:22:7-34
60        android:appComponentFactory="androidx.core.app.CoreComponentFactory"
60-->[androidx.core:core:1.13.1] AndroidManifest.xml:28:18-86
61        android:debuggable="true"
62        android:extractNativeLibs="false"
63        android:icon="@mipmap/ic_launcher"
63-->src\main\AndroidManifest.xml:20:7-41
64        android:label="@string/app_name"
64-->src\main\AndroidManifest.xml:19:7-39
65        android:roundIcon="@mipmap/ic_launcher_round"
65-->src\main\AndroidManifest.xml:21:7-52
66        android:supportsRtl="true"
66-->src\main\AndroidManifest.xml:24:7-33
67        android:theme="@style/AppTheme"
67-->src\main\AndroidManifest.xml:23:7-38
68        android:usesCleartextTraffic="true" >
68-->src\debug\AndroidManifest.xml:6:9-44
69        <activity
69-->src\main\AndroidManifest.xml:25:7-36:18
70            android:name="com.HavenSync.MainActivity"
70-->src\main\AndroidManifest.xml:26:9-37
71            android:configChanges="keyboard|keyboardHidden|orientation|screenLayout|screenSize|smallestScreenSize|uiMode"
71-->src\main\AndroidManifest.xml:28:9-118
72            android:exported="true"
72-->src\main\AndroidManifest.xml:31:9-32
73            android:label="@string/app_name"
73-->src\main\AndroidManifest.xml:27:9-41
74            android:launchMode="singleTask"
74-->src\main\AndroidManifest.xml:29:9-40
75            android:windowSoftInputMode="adjustResize" >
75-->src\main\AndroidManifest.xml:30:9-51
76            <intent-filter>
76-->src\main\AndroidManifest.xml:32:9-35:25
77                <action android:name="android.intent.action.MAIN" />
77-->src\main\AndroidManifest.xml:33:13-65
77-->src\main\AndroidManifest.xml:33:21-62
78
79                <category android:name="android.intent.category.LAUNCHER" />
79-->src\main\AndroidManifest.xml:34:13-73
79-->src\main\AndroidManifest.xml:34:23-70
80            </intent-filter>
81        </activity>
82
83        <provider
83-->[:react-native-image-picker] AndroidManifest.xml:8:9-16:20
84            android:name="com.imagepicker.ImagePickerProvider"
84-->[:react-native-image-picker] AndroidManifest.xml:9:13-63
85            android:authorities="com.HavenSync.imagepickerprovider"
85-->[:react-native-image-picker] AndroidManifest.xml:10:13-71
86            android:exported="false"
86-->[:react-native-image-picker] AndroidManifest.xml:11:13-37
87            android:grantUriPermissions="true" >
87-->[:react-native-image-picker] AndroidManifest.xml:12:13-47
88            <meta-data
88-->[:react-native-image-picker] AndroidManifest.xml:13:13-15:70
89                android:name="android.support.FILE_PROVIDER_PATHS"
89-->[:react-native-image-picker] AndroidManifest.xml:14:17-67
90                android:resource="@xml/imagepicker_provider_paths" />
90-->[:react-native-image-picker] AndroidManifest.xml:15:17-67
91        </provider>
92
93        <activity
93-->[com.facebook.react:react-android:0.76.6] AndroidManifest.xml:19:9-21:40
94            android:name="com.facebook.react.devsupport.DevSettingsActivity"
94-->[com.facebook.react:react-android:0.76.6] AndroidManifest.xml:20:13-77
95            android:exported="false" />
95-->[com.facebook.react:react-android:0.76.6] AndroidManifest.xml:21:13-37
96
97        <uses-library
97-->[androidx.camera:camera-extensions:1.5.0-alpha03] AndroidManifest.xml:29:9-31:40
98            android:name="androidx.camera.extensions.impl"
98-->[androidx.camera:camera-extensions:1.5.0-alpha03] AndroidManifest.xml:30:13-59
99            android:required="false" />
99-->[androidx.camera:camera-extensions:1.5.0-alpha03] AndroidManifest.xml:31:13-37
100
101        <service
101-->[androidx.camera:camera-camera2:1.5.0-alpha03] AndroidManifest.xml:24:9-33:19
102            android:name="androidx.camera.core.impl.MetadataHolderService"
102-->[androidx.camera:camera-camera2:1.5.0-alpha03] AndroidManifest.xml:25:13-75
103            android:enabled="false"
103-->[androidx.camera:camera-camera2:1.5.0-alpha03] AndroidManifest.xml:26:13-36
104            android:exported="false" >
104-->[androidx.camera:camera-camera2:1.5.0-alpha03] AndroidManifest.xml:27:13-37
105            <meta-data
105-->[androidx.camera:camera-camera2:1.5.0-alpha03] AndroidManifest.xml:30:13-32:89
106                android:name="androidx.camera.core.impl.MetadataHolderService.DEFAULT_CONFIG_PROVIDER"
106-->[androidx.camera:camera-camera2:1.5.0-alpha03] AndroidManifest.xml:31:17-103
107                android:value="androidx.camera.camera2.Camera2Config$DefaultProvider" />
107-->[androidx.camera:camera-camera2:1.5.0-alpha03] AndroidManifest.xml:32:17-86
108        </service>
109        <service
109-->[com.google.android.gms:play-services-mlkit-barcode-scanning:18.3.1] AndroidManifest.xml:9:9-15:19
110            android:name="com.google.mlkit.common.internal.MlKitComponentDiscoveryService"
110-->[com.google.android.gms:play-services-mlkit-barcode-scanning:18.3.1] AndroidManifest.xml:10:13-91
111            android:directBootAware="true"
111-->[com.google.mlkit:common:18.11.0] AndroidManifest.xml:17:13-43
112            android:exported="false" >
112-->[com.google.android.gms:play-services-mlkit-barcode-scanning:18.3.1] AndroidManifest.xml:11:13-37
113            <meta-data
113-->[com.google.android.gms:play-services-mlkit-barcode-scanning:18.3.1] AndroidManifest.xml:12:13-14:85
114                android:name="com.google.firebase.components:com.google.mlkit.vision.barcode.internal.BarcodeRegistrar"
114-->[com.google.android.gms:play-services-mlkit-barcode-scanning:18.3.1] AndroidManifest.xml:13:17-120
115                android:value="com.google.firebase.components.ComponentRegistrar" />
115-->[com.google.android.gms:play-services-mlkit-barcode-scanning:18.3.1] AndroidManifest.xml:14:17-82
116            <meta-data
116-->[com.google.mlkit:vision-common:17.3.0] AndroidManifest.xml:12:13-14:85
117                android:name="com.google.firebase.components:com.google.mlkit.vision.common.internal.VisionCommonRegistrar"
117-->[com.google.mlkit:vision-common:17.3.0] AndroidManifest.xml:13:17-124
118                android:value="com.google.firebase.components.ComponentRegistrar" />
118-->[com.google.mlkit:vision-common:17.3.0] AndroidManifest.xml:14:17-82
119            <meta-data
119-->[com.google.mlkit:common:18.11.0] AndroidManifest.xml:20:13-22:85
120                android:name="com.google.firebase.components:com.google.mlkit.common.internal.CommonComponentRegistrar"
120-->[com.google.mlkit:common:18.11.0] AndroidManifest.xml:21:17-120
121                android:value="com.google.firebase.components.ComponentRegistrar" />
121-->[com.google.mlkit:common:18.11.0] AndroidManifest.xml:22:17-82
122        </service>
123
124        <provider
124-->[com.google.mlkit:common:18.11.0] AndroidManifest.xml:9:9-13:38
125            android:name="com.google.mlkit.common.internal.MlKitInitProvider"
125-->[com.google.mlkit:common:18.11.0] AndroidManifest.xml:10:13-78
126            android:authorities="com.HavenSync.mlkitinitprovider"
126-->[com.google.mlkit:common:18.11.0] AndroidManifest.xml:11:13-69
127            android:exported="false"
127-->[com.google.mlkit:common:18.11.0] AndroidManifest.xml:12:13-37
128            android:initOrder="99" />
128-->[com.google.mlkit:common:18.11.0] AndroidManifest.xml:13:13-35
129
130        <meta-data
130-->[com.github.bumptech.glide:okhttp3-integration:4.12.0] AndroidManifest.xml:11:9-13:43
131            android:name="com.bumptech.glide.integration.okhttp3.OkHttpGlideModule"
131-->[com.github.bumptech.glide:okhttp3-integration:4.12.0] AndroidManifest.xml:12:13-84
132            android:value="GlideModule" />
132-->[com.github.bumptech.glide:okhttp3-integration:4.12.0] AndroidManifest.xml:13:13-40
133
134        <activity
134-->[com.google.android.gms:play-services-base:18.5.0] AndroidManifest.xml:5:9-173
135            android:name="com.google.android.gms.common.api.GoogleApiActivity"
135-->[com.google.android.gms:play-services-base:18.5.0] AndroidManifest.xml:5:19-85
136            android:exported="false"
136-->[com.google.android.gms:play-services-base:18.5.0] AndroidManifest.xml:5:146-170
137            android:theme="@android:style/Theme.Translucent.NoTitleBar" />
137-->[com.google.android.gms:play-services-base:18.5.0] AndroidManifest.xml:5:86-145
138
139        <meta-data
139-->[com.google.android.gms:play-services-basement:18.4.0] AndroidManifest.xml:6:9-122
140            android:name="com.google.android.gms.version"
140-->[com.google.android.gms:play-services-basement:18.4.0] AndroidManifest.xml:6:20-65
141            android:value="@integer/google_play_services_version" />
141-->[com.google.android.gms:play-services-basement:18.4.0] AndroidManifest.xml:6:66-119
142
143        <provider
143-->[androidx.emoji2:emoji2:1.2.0] AndroidManifest.xml:24:9-32:20
144            android:name="androidx.startup.InitializationProvider"
144-->[androidx.emoji2:emoji2:1.2.0] AndroidManifest.xml:25:13-67
145            android:authorities="com.HavenSync.androidx-startup"
145-->[androidx.emoji2:emoji2:1.2.0] AndroidManifest.xml:26:13-68
146            android:exported="false" >
146-->[androidx.emoji2:emoji2:1.2.0] AndroidManifest.xml:27:13-37
147            <meta-data
147-->[androidx.emoji2:emoji2:1.2.0] AndroidManifest.xml:29:13-31:52
148                android:name="androidx.emoji2.text.EmojiCompatInitializer"
148-->[androidx.emoji2:emoji2:1.2.0] AndroidManifest.xml:30:17-75
149                android:value="androidx.startup" />
149-->[androidx.emoji2:emoji2:1.2.0] AndroidManifest.xml:31:17-49
150            <meta-data
150-->[androidx.lifecycle:lifecycle-process:2.8.7] AndroidManifest.xml:29:13-31:52
151                android:name="androidx.lifecycle.ProcessLifecycleInitializer"
151-->[androidx.lifecycle:lifecycle-process:2.8.7] AndroidManifest.xml:30:17-78
152                android:value="androidx.startup" />
152-->[androidx.lifecycle:lifecycle-process:2.8.7] AndroidManifest.xml:31:17-49
153            <meta-data
153-->[androidx.profileinstaller:profileinstaller:1.3.1] AndroidManifest.xml:29:13-31:52
154                android:name="androidx.profileinstaller.ProfileInstallerInitializer"
154-->[androidx.profileinstaller:profileinstaller:1.3.1] AndroidManifest.xml:30:17-85
155                android:value="androidx.startup" />
155-->[androidx.profileinstaller:profileinstaller:1.3.1] AndroidManifest.xml:31:17-49
156        </provider>
157
158        <receiver
158-->[androidx.profileinstaller:profileinstaller:1.3.1] AndroidManifest.xml:34:9-52:20
159            android:name="androidx.profileinstaller.ProfileInstallReceiver"
159-->[androidx.profileinstaller:profileinstaller:1.3.1] AndroidManifest.xml:35:13-76
160            android:directBootAware="false"
160-->[androidx.profileinstaller:profileinstaller:1.3.1] AndroidManifest.xml:36:13-44
161            android:enabled="true"
161-->[androidx.profileinstaller:profileinstaller:1.3.1] AndroidManifest.xml:37:13-35
162            android:exported="true"
162-->[androidx.profileinstaller:profileinstaller:1.3.1] AndroidManifest.xml:38:13-36
163            android:permission="android.permission.DUMP" >
163-->[androidx.profileinstaller:profileinstaller:1.3.1] AndroidManifest.xml:39:13-57
164            <intent-filter>
164-->[androidx.profileinstaller:profileinstaller:1.3.1] AndroidManifest.xml:40:13-42:29
165                <action android:name="androidx.profileinstaller.action.INSTALL_PROFILE" />
165-->[androidx.profileinstaller:profileinstaller:1.3.1] AndroidManifest.xml:41:17-91
165-->[androidx.profileinstaller:profileinstaller:1.3.1] AndroidManifest.xml:41:25-88
166            </intent-filter>
167            <intent-filter>
167-->[androidx.profileinstaller:profileinstaller:1.3.1] AndroidManifest.xml:43:13-45:29
168                <action android:name="androidx.profileinstaller.action.SKIP_FILE" />
168-->[androidx.profileinstaller:profileinstaller:1.3.1] AndroidManifest.xml:44:17-85
168-->[androidx.profileinstaller:profileinstaller:1.3.1] AndroidManifest.xml:44:25-82
169            </intent-filter>
170            <intent-filter>
170-->[androidx.profileinstaller:profileinstaller:1.3.1] AndroidManifest.xml:46:13-48:29
171                <action android:name="androidx.profileinstaller.action.SAVE_PROFILE" />
171-->[androidx.profileinstaller:profileinstaller:1.3.1] AndroidManifest.xml:47:17-88
171-->[androidx.profileinstaller:profileinstaller:1.3.1] AndroidManifest.xml:47:25-85
172            </intent-filter>
173            <intent-filter>
173-->[androidx.profileinstaller:profileinstaller:1.3.1] AndroidManifest.xml:49:13-51:29
174                <action android:name="androidx.profileinstaller.action.BENCHMARK_OPERATION" />
174-->[androidx.profileinstaller:profileinstaller:1.3.1] AndroidManifest.xml:50:17-95
174-->[androidx.profileinstaller:profileinstaller:1.3.1] AndroidManifest.xml:50:25-92
175            </intent-filter>
176        </receiver>
177
178        <service
178-->[com.google.android.datatransport:transport-backend-cct:2.3.3] AndroidManifest.xml:29:9-35:19
179            android:name="com.google.android.datatransport.runtime.backends.TransportBackendDiscovery"
179-->[com.google.android.datatransport:transport-backend-cct:2.3.3] AndroidManifest.xml:30:13-103
180            android:exported="false" >
180-->[com.google.android.datatransport:transport-backend-cct:2.3.3] AndroidManifest.xml:31:13-37
181            <meta-data
181-->[com.google.android.datatransport:transport-backend-cct:2.3.3] AndroidManifest.xml:32:13-34:39
182                android:name="backend:com.google.android.datatransport.cct.CctBackendFactory"
182-->[com.google.android.datatransport:transport-backend-cct:2.3.3] AndroidManifest.xml:33:17-94
183                android:value="cct" />
183-->[com.google.android.datatransport:transport-backend-cct:2.3.3] AndroidManifest.xml:34:17-36
184        </service>
185        <service
185-->[com.google.android.datatransport:transport-runtime:2.2.6] AndroidManifest.xml:26:9-30:19
186            android:name="com.google.android.datatransport.runtime.scheduling.jobscheduling.JobInfoSchedulerService"
186-->[com.google.android.datatransport:transport-runtime:2.2.6] AndroidManifest.xml:27:13-117
187            android:exported="false"
187-->[com.google.android.datatransport:transport-runtime:2.2.6] AndroidManifest.xml:28:13-37
188            android:permission="android.permission.BIND_JOB_SERVICE" >
188-->[com.google.android.datatransport:transport-runtime:2.2.6] AndroidManifest.xml:29:13-69
189        </service>
190
191        <receiver
191-->[com.google.android.datatransport:transport-runtime:2.2.6] AndroidManifest.xml:32:9-34:40
192            android:name="com.google.android.datatransport.runtime.scheduling.jobscheduling.AlarmManagerSchedulerBroadcastReceiver"
192-->[com.google.android.datatransport:transport-runtime:2.2.6] AndroidManifest.xml:33:13-132
193            android:exported="false" />
193-->[com.google.android.datatransport:transport-runtime:2.2.6] AndroidManifest.xml:34:13-37
194
195        <meta-data
195-->[com.facebook.soloader:soloader:0.12.1] AndroidManifest.xml:12:9-14:37
196            android:name="com.facebook.soloader.enabled"
196-->[com.facebook.soloader:soloader:0.12.1] AndroidManifest.xml:13:13-57
197            android:value="false" />
197-->[com.facebook.soloader:soloader:0.12.1] AndroidManifest.xml:14:13-34
198    </application>
199
200</manifest>